Testing Path: C:\Program Files (x86)\Common Files\Oracle\Java\javapath
Testing Path: C:\Windows\system32
Testing Path: C:\Windows
Testing Path: C:\Windows\System32\Wbem
Testing Path: C:\Windows\System32\WindowsPowerShell\v1.0\
Testing Path: C:\Program Files (x86)\NVIDIA Corporation\PhysX\Common
Testing Path: C:\Program Files\dotnet\
Testing Path: C:\Program Files (x86)\GtkSharp\2.12\bin
Testing Path: C:\Program Files\Git\cmd
Testing Path: C:\Program Files (x86)\Bitvise SSH Client
Testing Path: C:\WINDOWS\system32
Testing Path: C:\WINDOWS
Testing Path: C:\WINDOWS\System32\Wbem
Testing Path: C:\WINDOWS\System32\WindowsPowerShell\v1.0\
Testing Path: C:\WINDOWS\System32\OpenSSH\
Testing Path: C:\Program Files (x86)\Windows Kits\8.1\Windows Performance Toolkit\
Testing Path: C:\Program Files\Microsoft\Web Platform Installer\
Testing Path: C:\Program Files (x86)\Microsoft ASP.NET\ASP.NET Web Pages\v1.0\
Testing Path: C:\Program Files\Microsoft SQL Server\110\Tools\Binn\
Testing Path: C:\Users\Ben\AppData\Local\Microsoft\WindowsApps
Testing Path: C:\Users\Ben\AppData\Local\GitHubDesktop\bin
Testing Path: C:\Program Files (x86)\Microsoft Visual Studio\Shared\Python36_64
Testing Path: 
Testing Path: C:\Users\Ben\AppData\Local\Microsoft\WindowsApps
Testing Path: C:\Program Files\CMake\bin
DLL not found
Failed to load library (ErrorCode: 87). Path = 
Testing Path: C:\ProgramData\Voxon Photonics
Testing Path: C:\Program Files (x86)\Common Files\Oracle\Java\javapath
Testing Path: C:\Windows\system32
Testing Path: C:\Windows
Testing Path: C:\Windows\System32\Wbem
Testing Path: C:\Windows\System32\WindowsPowerShell\v1.0\
Testing Path: C:\Program Files (x86)\NVIDIA Corporation\PhysX\Common
Testing Path: C:\Program Files\dotnet\
Testing Path: C:\Program Files (x86)\GtkSharp\2.12\bin
Testing Path: C:\Program Files\Git\cmd
Testing Path: C:\Program Files (x86)\Bitvise SSH Client
Testing Path: C:\WINDOWS\system32
Testing Path: C:\WINDOWS
Testing Path: C:\WINDOWS\System32\Wbem
Testing Path: C:\WINDOWS\System32\WindowsPowerShell\v1.0\
Testing Path: C:\WINDOWS\System32\OpenSSH\
Testing Path: C:\Program Files (x86)\Windows Kits\8.1\Windows Performance Toolkit\
Testing Path: C:\Program Files\Microsoft\Web Platform Installer\
Testing Path: C:\Program Files (x86)\Microsoft ASP.NET\ASP.NET Web Pages\v1.0\
Testing Path: C:\Program Files\Microsoft SQL Server\110\Tools\Binn\
Testing Path: C:\Users\Ben\AppData\Local\Microsoft\WindowsApps
Testing Path: C:\Users\Ben\AppData\Local\GitHubDesktop\bin
Testing Path: C:\Program Files (x86)\Microsoft Visual Studio\Shared\Python36_64
Testing Path: C:\Users\Ben\AppData\Local\Microsoft\WindowsApps
Testing Path: C:\Program Files\CMake\bin
Testing Path: 
Testing Path: C:\ProgramData\Voxon Photonics
Testing Path: C:\Program Files (x86)\Common Files\Oracle\Java\javapath
Testing Path: C:\Windows\system32
Testing Path: C:\Windows
Testing Path: C:\Windows\System32\Wbem
Testing Path: C:\Windows\System32\WindowsPowerShell\v1.0\
Testing Path: C:\Program Files (x86)\NVIDIA Corporation\PhysX\Common
Testing Path: C:\Program Files\dotnet\
Testing Path: C:\Program Files (x86)\GtkSharp\2.12\bin
Testing Path: C:\Program Files\Git\cmd
Testing Path: C:\Program Files (x86)\Bitvise SSH Client
Testing Path: C:\WINDOWS\system32
Testing Path: C:\WINDOWS
Testing Path: C:\WINDOWS\System32\Wbem
Testing Path: C:\WINDOWS\System32\WindowsPowerShell\v1.0\
Testing Path: C:\WINDOWS\System32\OpenSSH\
Testing Path: C:\Program Files (x86)\Windows Kits\8.1\Windows Performance Toolkit\
Testing Path: C:\Program Files\Microsoft\Web Platform Installer\
Testing Path: C:\Program Files (x86)\Microsoft ASP.NET\ASP.NET Web Pages\v1.0\
Testing Path: C:\Program Files\Microsoft SQL Server\110\Tools\Binn\
Testing Path: C:\Users\Ben\AppData\Local\Microsoft\WindowsApps
Testing Path: C:\Users\Ben\AppData\Local\GitHubDesktop\bin
Testing Path: C:\Program Files (x86)\Microsoft Visual Studio\Shared\Python36_64
Testing Path: C:\Users\Ben\AppData\Local\Microsoft\WindowsApps
Testing Path: C:\Program Files\CMake\bin
Testing Path: 
Failed to load library (ErrorCode: 126). Path = C:\Program Files\Voxon Photonics\SDK\voxiebox.dll
Failed to load library (ErrorCode: 126). Path = C:\Program Files\Voxon Photonics\SDK\_voxiebox.dll
Failed to load library (ErrorCode: 126). Path = C:\Program Files\Voxon Photonics\SDK\_voxiebox.dll
